{
  "stats": {
    "suites": 2,
    "tests": 3,
    "passes": 3,
    "pending": 0,
    "failures": 0,
    "start": "2023-11-30T00:59:57.522Z",
    "end": "2023-11-30T01:00:31.920Z",
    "duration": 34398,
    "testsRegistered": 3,
    "passPercent": 100,
    "pendingPercent": 0,
    "other": 0,
    "hasOther": false,
    "skipped": 0,
    "hasSkipped": false
  },
  "results": [
    {
      "uuid": "a3ff0af6-43e8-4f90-90c3-0b8e1c194e98",
      "title": "",
      "fullFile": "",
      "file": "",
      "beforeHooks": [],
      "afterHooks": [],
      "tests": [],
      "suites": [
        {
          "uuid": "314ebaf1-f5b8-4a79-8fb2-43c99a2fd592",
          "title": "Primeiro teste",
          "fullFile": "E:\\AULA-SELENIUM-T3\\test\\firstTest.js",
          "file": "\\test\\firstTest.js",
          "beforeHooks": [],
          "afterHooks": [],
          "tests": [
            {
              "title": "Primeiro caso de teste",
              "fullTitle": "Primeiro teste Primeiro caso de teste",
              "timedOut": null,
              "duration": 28194,
              "state": "passed",
              "speed": "slow",
              "pass": true,
              "fail": false,
              "pending": false,
              "context": null,
              "code": "//Declarar o navegador\nlet driver = await new webdriver.Builder().forBrowser(\"firefox\").build()\n//Navegar até o site\nawait driver.get(\"https://herziopinto.github.io/lista-de-tarefas/\")\n//Adicionar uma tarefa\nawait driver.findElement(By.id(\"inputTask\")).sendKeys(\"Aprender Selenium\", Key.RETURN)\n//Assertion\nlet seleniumText = await driver.findElement(By.xpath(\"/html/body/div/section/ul/li/label\")).getText().then(function(value){\n    return value\n})\n//Assertion usando o node puro\n// assert.strictEqual(seleniumText, \"Aprender Selenium\")\n//Assertion usando chai\nseleniumText.should.equal(\"Aprender Selenium\")\n//Dar uma pausa na execução da função\nawait driver.sleep(10000)\n//Fechar o navegador\nawait driver.quit()",
              "err": {},
              "uuid": "a8f5e9cf-33a4-49b1-86a9-5576aede6b43",
              "parentUUID": null,
              "isHook": false,
              "skipped": false
            }
          ],
          "suites": [],
          "passes": [
            "a8f5e9cf-33a4-49b1-86a9-5576aede6b43"
          ],
          "failures": [],
          "pending": [],
          "skipped": [],
          "duration": 28194,
          "root": false,
          "rootEmpty": false,
          "_timeout": null
        },
        {
          "uuid": "433b63e7-f385-4fa2-92f7-d3f0062d581f",
          "title": "Segundo teste",
          "fullFile": "E:\\AULA-SELENIUM-T3\\test\\secondTest.js",
          "file": "\\test\\secondTest.js",
          "beforeHooks": [],
          "afterHooks": [],
          "tests": [
            {
              "title": "Segundo caso de teste/1",
              "fullTitle": "Segundo teste Segundo caso de teste/1",
              "timedOut": null,
              "duration": 19219,
              "state": "passed",
              "speed": "slow",
              "pass": true,
              "fail": false,
              "pending": false,
              "context": null,
              "code": "//Declarar o navegador\nlet driver = await new webdriver.Builder().forBrowser(\"firefox\").build()\n//Navegar até o site\nawait driver.get(\"https://herziopinto.github.io/lista-de-tarefas/\")\n//Adicionar uma tarefa\nawait driver.findElement(By.id(\"inputTask\")).sendKeys(\"Aprender Selenium\", Key.RETURN)\n//Assertion\nlet seleniumText = await driver.findElement(By.xpath(\"/html/body/div/section/ul/li/label\")).getText().then(function(value){\n    return value\n})\n//Assertion usando chai\nseleniumText.should.equal(\"Aprender Selenium\")\n//Dar uma pausa na execução da função\n// await driver.sleep(10000)\n//Fechar o navegador\nawait driver.quit()",
              "err": {},
              "uuid": "1dd5e077-d8b0-4177-8f50-6c9b6a273c2d",
              "parentUUID": null,
              "isHook": false,
              "skipped": false
            },
            {
              "title": "Segundo caso de teste/2",
              "fullTitle": "Segundo teste Segundo caso de teste/2",
              "timedOut": null,
              "duration": 13875,
              "state": "passed",
              "speed": "slow",
              "pass": true,
              "fail": false,
              "pending": false,
              "context": null,
              "code": "//Declarar o navegador\nlet driver = await new webdriver.Builder().forBrowser(\"firefox\").build()\n//Navegar até o site\nawait driver.get(\"https://herziopinto.github.io/lista-de-tarefas/\")\n//Adicionar uma tarefa\nawait driver.findElement(By.id(\"inputTask\")).sendKeys(\"Aprender Selenium\", Key.RETURN)\n//Assertion\nlet seleniumText = await driver.findElement(By.xpath(\"/html/body/div/section/ul/li/label\")).getText().then(function(value){\n    return value\n})\n//Assertion usando chai\nseleniumText.should.equal(\"Aprender Selenium\")\n//Dar uma pausa na execução da função\n// await driver.sleep(10000)\n//Fechar o navegador\nawait driver.quit()",
              "err": {},
              "uuid": "001a1831-3a2d-4423-a7b3-44d1e4dfd81a",
              "parentUUID": null,
              "isHook": false,
              "skipped": false
            }
          ],
          "suites": [],
          "passes": [
            "1dd5e077-d8b0-4177-8f50-6c9b6a273c2d",
            "001a1831-3a2d-4423-a7b3-44d1e4dfd81a"
          ],
          "failures": [],
          "pending": [],
          "skipped": [],
          "duration": 33094,
          "root": false,
          "rootEmpty": false,
          "_timeout": null
        }
      ],
      "passes": [],
      "failures": [],
      "pending": [],
      "skipped": [],
      "duration": 0,
      "root": true,
      "rootEmpty": true,
      "_timeout": 0
    }
  ],
  "meta": {
    "mocha": {
      "version": "10.2.0"
    },
    "mochawesome": {
      "options": {
        "quiet": false,
        "reportFilename": "mochawesome",
        "saveHtml": true,
        "saveJson": true,
        "consoleReporter": "spec",
        "useInlineDiffs": false,
        "code": true
      },
      "version": "7.1.3"
    },
    "marge": {
      "options": null,
      "version": "6.2.0"
    }
  }
}